build/app/outputs/mapping/release/seeds.txt
com.example.datavilla.MainActivity
com.example.datavilla.MainActivity: MainActivity()
...
com.airbnb.lottie.R$styleable: int AppCompatTheme_actionModeCloseButtonStyle
com.teamapt.monnify.sdk.data.model.TransactionDetails$Creator
com.google.android.material.R$dimen: int material_text_view_test_line_height_override
com.teamapt.monnify.sdk.R$style: int Theme_MaterialComponents_Light_Dialog_Alert
com.teamapt.monnify.sdk.rest.data.request.InitializeBankTransferRequest: java.lang.String component3()
com.google.android.material.R$styleable: int AppCompatTheme_listPreferredItemPaddingEnd
com.pichillilorenzo.flutter_inappwebview.R$styleable: int AppCompatTheme_windowFixedWidthMinor
com.teamapt.monnify.sdk.R$styleable: int MaterialButton_strokeWidth
androidx.appcompat.R$styleable: int[] FontFamily
androidx.constraintlayout.widget.R$styleable: int[] Layout
io.flutter.embedding.android.FlutterImageView: android.view.Surface getSurface()
com.tomergoldst.tooltips.R$style: int Widget_AppCompat_Light_ActivityChooserView
io.flutter.plugins.localauth.R$style: int Widget_AppCompat_Light_ActivityChooserView
com.pichillilorenzo.flutter_inappwebview.types.UserContentController: java.lang.String CONTENT_WORLD_WRAPPER_JS_SOURCE
androidx.constraintlayout.widget.R$styleable: int MenuGroup_android_checkableBehavior
com.teamapt.monnify.sdk.R$attr: int subtitleTextStyle
com.google.android.material.R$dimen: int mtrl_navigation_rail_active_text_size
androidx.biometric.R$attr: int alphabeticModifiers
androidx.biometric.R$attr: int actionBarTabBarStyle
com.teamapt.monnify.sdk.R$styleable: int AppCompatTheme_actionModeFindDrawable
com.teamapt.monnify.sdk.R$style: int Widget_AppCompat_Toolbar_Button_Navigation
co.paystack.flutterpaystack.R$id: int outline
androidx.fragment.app.Fragment: boolean performCreateOptionsMenu(android.view.Menu,android.view.MenuInflater)
com.pichillilorenzo.flutter_inappwebview.in_app_webview.InAppWebView$17: void onReceiveValue(java.lang.Object)
com.google.android.material.R$id: int dragLeft
com.pichillilorenzo.flutter_inappwebview.in_app_webview.InAppWebViewChromeClient$16: InAppWebViewChromeClient$16(com.pichillilorenzo.flutter_inappwebview.in_app_webview.InAppWebViewChromeClient,int)
com.google.android.material.R$color: int material_grey_300
com.airbnb.lottie.R$styleable: int AppCompatTheme_spinnerStyle
androidx.fragment.app.Fragment: int getNextTransition()
com.teamapt.monnify.sdk.module.vm.CardPaymentViewModel: boolean verifyCardExpiry(boolean)
com.pichillilorenzo.flutter_inappwebview.R$color: int material_grey_50
androidx.recyclerview.widget.GridLayoutManager: GridLayoutManager(android.content.Context,android.util.AttributeSet,int,int)
com.google.android.material.chip.Chip: void setShowMotionSpec(com.google.android.material.animation.MotionSpec)
com.teamapt.monnify.sdk.R$styleable: int[] AppBarLayout
com.google.android.material.R$attr: int expanded
androidx.constraintlayout.widget.R$styleable: int MenuItem_contentDescription
com.airbnb.lottie.R$styleable: int AppCompatTheme_panelMenuListTheme
co.paystack.flutterpaystack.R$id: int startHorizontal
com.teamapt.monnify.sdk.R$attr: int strokeColor
com.google.android.material.R$attr: int windowNoTitle
androidx.biometric.R$id: int accessibility_custom_action_18
io.flutter.plugins.localauth.R$id: int accessibility_custom_action_4
androidx.fragment.app.Fragment: boolean performPrepareOptionsMenu(android.view.Menu)
com.teamapt.monnify.sdk.R$styleable: int GradientColor_android_centerColor
io.flutter.view.FlutterCallbackInformation: java.lang.String callbackLibraryPath
androidx.appcompat.R$styleable: int AppCompatTheme_editTextStyle
androidx.fragment.app.Fragment: void onPictureInPictureModeChanged(boolean)
com.google.android.material.R$attr: int useCompatPadding
androidx.fragment.app.Fragment: android.animation.Animator getAnimator()
com.teamapt.monnify.sdk.R$id: int media_actions
androidx.constraintlayout.widget.ConstraintLayout: void requestLayout()
com.google.android.material.R$attr: int itemTextAppearanceInactive