build/app/outputs/mapping/release/mapping.txt
# compiler: R8
# compiler_version: 2.0.88
# min_api: 19
# pg_map_id: 25bcc24
# common_typos_disable
com.example.datavilla.MainActivity -> com.example.datavilla.MainActivity:
    void configureFlutterEngine(io.flutter.embedding.engine.FlutterEngine) -> h
...
kotlinx.coroutines.TimeSourceKt -> kotlinx.coroutines.y1:
    kotlinx.coroutines.TimeSource timeSource -> a
    kotlinx.coroutines.TimeSource getTimeSource() -> a
kotlinx.coroutines.Unconfined -> kotlinx.coroutines.z1:
    kotlinx.coroutines.Unconfined INSTANCE -> e
    void dispatch(kotlin.coroutines.CoroutineContext,java.lang.Runnable) -> a0
    boolean isDispatchNeeded(kotlin.coroutines.CoroutineContext) -> b0
kotlinx.coroutines.UndispatchedCoroutine -> kotlinx.coroutines.a2:
    void afterResume(java.lang.Object) -> o0
kotlinx.coroutines.YieldContext -> kotlinx.coroutines.b2:
    kotlinx.coroutines.YieldContext$Key Key -> f
    boolean dispatcherWasUnconfined -> e
kotlinx.coroutines.YieldContext$Key -> kotlinx.coroutines.b2$a:
kotlinx.coroutines.YieldKt -> kotlinx.coroutines.c2:
    void checkCompletion(kotlin.coroutines.CoroutineContext) -> a
kotlinx.coroutines.android.AndroidDispatcherFactory -> kotlinx.coroutines.android.AndroidDispatcherFactory:
    int getLoadPriority() -> a
    java.lang.String hintOnError() -> b
    kotlinx.coroutines.MainCoroutineDispatcher createDispatcher(java.util.List) -> c
    kotlinx.coroutines.android.HandlerContext createDispatcher(java.util.List) -> d
kotlinx.coroutines.android.HandlerContext -> kotlinx.coroutines.android.a:
    java.lang.String name -> f
    android.os.Handler handler -> e
    boolean invokeImmediately -> g
    void dispatch(kotlin.coroutines.CoroutineContext,java.lang.Runnable) -> a0
    boolean isDispatchNeeded(kotlin.coroutines.CoroutineContext) -> b0
kotlinx.coroutines.android.HandlerDispatcher -> kotlinx.coroutines.android.b:
kotlinx.coroutines.android.HandlerDispatcherKt -> kotlinx.coroutines.android.c:
    android.os.Handler asHandler(android.os.Looper,boolean) -> a
kotlinx.coroutines.internal.ArrayQueue -> kotlinx.coroutines.internal.a:
    java.lang.Object[] elements -> a
    int head -> b
    int tail -> c
    void addLast(java.lang.Object) -> a
    void ensureCapacity() -> b
    boolean isEmpty() -> c
    java.lang.Object removeFirstOrNull() -> d
kotlinx.coroutines.internal.AtomicKt -> kotlinx.coroutines.internal.b:
    java.lang.Object NO_DECISION -> a
    java.lang.Object access$getNO_DECISION$p() -> a
kotlinx.coroutines.internal.AtomicOp -> kotlinx.coroutines.internal.c:
    java.util.concurrent.atomic.AtomicReferenceFieldUpdater _consensus$FU -> a
    java.lang.Object perform(java.lang.Object) -> a
    void complete(java.lang.Object,java.lang.Object) -> b
    java.lang.Object decide(java.lang.Object) -> c
    java.lang.Object prepare(java.lang.Object) -> d
kotlinx.coroutines.internal.ConcurrentKt -> kotlinx.coroutines.internal.d:
    java.util.Set identitySet(int) -> a
kotlinx.coroutines.internal.ContextScope -> kotlinx.coroutines.internal.e:
    kotlin.coroutines.CoroutineContext coroutineContext -> e
    kotlin.coroutines.CoroutineContext getCoroutineContext() -> e
kotlinx.coroutines.internal.ExceptionsConstuctorKt -> kotlinx.coroutines.internal.f:
    java.util.WeakHashMap exceptionCtors -> c
    java.util.concurrent.locks.ReentrantReadWriteLock cacheLock -> b
    int throwableFields -> a
    kotlin.jvm.functions.Function1 createConstructor(java.lang.reflect.Constructor) -> a
    int fieldsCount(java.lang.Class,int) -> b
    int fieldsCount$default(java.lang.Class,int,int,java.lang.Object) -> c
    int fieldsCountOrDefault(java.lang.Class,int) -> d
    java.lang.Throwable tryCopyException(java.lang.Throwable) -> e
kotlinx.coroutines.internal.ExceptionsConstuctorKt$createConstructor$$inlined$safeCtor$1 -> kotlinx.coroutines.internal.f$a:
    java.lang.reflect.Constructor $constructor$inlined -> f
    java.lang.Object invoke(java.lang.Object) -> Q
    java.lang.Throwable invoke(java.lang.Throwable) -> a