build/app/outputs/mapping/release/usage.txt
com.example.datavilla.R$array
com.example.datavilla.R$mipmap
com.example.datavilla.R
com.example.datavilla.R$style
com.example.datavilla.R$font
com.example.datavilla.R$string
com.example.datavilla.R$color
com.example.datavilla.R$attr
com.example.datavilla.R$animator
com.example.datavilla.R$drawable
com.example.datavilla.R$dimen
com.example.datavilla.R$bool
com.example.datavilla.BuildConfig
com.example.datavilla.R$integer
com.example.datavilla.R$layout
com.example.datavilla.R$plurals
com.example.datavilla.R$interpolator
com.example.datavilla.R$anim
com.example.datavilla.R$xml
com.example.datavilla.R$id
com.example.datavilla.R$styleable
com.example.datavilla.R$menu
...
androidx.multidex.BuildConfig
kotlinx.coroutines.flow.FlowKt__ZipKt$combine$$inlined$combine$3$1
com.google.common.collect.TreeMultiset$1
kotlin.jvm.internal.IntCompanionObject
com.google.common.primitives.Floats$FloatConverter
com.google.common.collect.ImmutableSortedSet
io.reactivex.internal.operators.observable.ObservableWindowBoundarySelector$OperatorWindowBoundaryOpenObserver
io.flutter.embedding.engine.mutatorsstack.FlutterMutatorsStack$FlutterMutator:
    public void <init>(io.flutter.embedding.engine.mutatorsstack.FlutterMutatorsStack,android.graphics.Path)
    public io.flutter.embedding.engine.mutatorsstack.FlutterMutatorsStack$FlutterMutatorType getType()
    public android.graphics.Rect getRect()
    public android.graphics.Path getPath()
    private android.graphics.Path path
kotlinx.coroutines.flow.FlowKt__DistinctKt$distinctUntilChangedBy$$inlined$unsafeFlow$2$1
com.google.android.material.circularreveal.CircularRevealCompat:
    private void <init>()
    public static android.animation.Animator createCircularReveal(com.google.android.material.circularreveal.CircularRevealWidget,float,float,float,float)
io.reactivex.internal.operators.mixed.FlowableConcatMapCompletable$ConcatMapCompletableObserver
com.google.common.base.Joiner
com.google.common.io.ReaderInputStream
org.hamcrest.internal.SelfDescribingValue
androidx.annotation.RequiresPermission$Read
com.google.common.escape.Escapers
kotlinx.coroutines.channels.ChannelsKt__Channels_commonKt$minBy$1
kotlin.collections.SetsKt___SetsKt:
    public static final java.util.Set minus(java.util.Set,java.lang.Object)
    public static final java.util.Set minus(java.util.Set,java.lang.Object[])
    public static final java.util.Set minus(java.util.Set,java.lang.Iterable)
    public static final java.util.Set minus(java.util.Set,kotlin.sequences.Sequence)
    private static final java.util.Set minusElement(java.util.Set,java.lang.Object)
    public static final java.util.Set plus(java.util.Set,java.lang.Object)
    public static final java.util.Set plus(java.util.Set,java.lang.Object[])
    public static final java.util.Set plus(java.util.Set,java.lang.Iterable)
    public static final java.util.Set plus(java.util.Set,kotlin.sequences.Sequence)
    private static final java.util.Set plusElement(java.util.Set,java.lang.Object)
    public void <init>()
com.google.common.collect.package-info
androidx.webkit.ServiceWorkerWebSettingsCompat$CacheMode
okhttp3.WebSocket:
    public abstract okhttp3.Request request()
    public abstract long queueSize()
    public abstract boolean send(okio.ByteString)
    public abstract void cancel()
androidx.activity.result.contract.ActivityResultContracts$OpenMultipleDocuments
io.reactivex.MaybeTransformer
com.google.android.play.core.assetpacks.z
com.google.common.util.concurrent.ExecutionSequencer$2
kotlin.jvm.internal.MagicApiIntrinsics
io.reactivex.internal.operators.observable.ObservableSampleTimed$SampleTimedObserver
com.google.common.collect.RegularImmutableMultiset
androidx.activity.result.contract.ActivityResultContracts$RequestPermission
androidx.cursoradapter.widget.CursorAdapter:
    public void <init>(android.content.Context,android.database.Cursor)
    public void <init>(android.content.Context,android.database.Cursor,int)
    protected void init(android.content.Context,android.database.Cursor,boolean)
    public boolean hasStableIds()
    public android.database.Cursor runQueryOnBackgroundThread(java.lang.CharSequence)
    public android.widget.FilterQueryProvider getFilterQueryProvider()
    public void setFilterQueryProvider(android.widget.FilterQueryProvider)
    protected android.widget.FilterQueryProvider mFilterQueryProvider
    public static final int FLAG_AUTO_REQUERY
    public static final int FLAG_REGISTER_CONTENT_OBSERVER
androidx.appcompat.resources.R$color
com.google.android.material.navigation.NavigationView$2
kotlin.collections.AbstractList$SubList